{"name": "test_login_001", "status": "failed", "statusDetails": {"message": "AssertionError: assert 0", "trace": "self = <jenkins_project.scripts.test_login.TestLogin object at 0x000002C6153886C8>\n\n    def test_login_001(self):\n>       assert 0\nE       assert 0\n\nscripts\\test_login.py:3: AssertionError"}, "start": 1605621128546, "stop": 1605621128546, "uuid": "4f7d5e80-f7ea-4562-9446-78929c1e9436", "historyId": "14ed3a6f43764b7f6f01338819c9c297", "testCaseId": "61fd03ca604429f4bd9d857ac5f51598", "fullName": "scripts.test_login.TestLogin#test_login_001", "labels": [{"name": "parentSuite", "value": "scripts"}, {"name": "suite", "value": "test_login"}, {"name": "subSuite", "value": "TestLogin"}, {"name": "host", "value": "DESKTOP-FCKD4GQ"}, {"name": "thread", "value": "8476-MainThread"}, {"name": "framework", "value": "pytest"}, {"name": "language", "value": "cpython3"}, {"name": "package", "value": "scripts.test_login"}]}